{"C:\\Users\\eagle\\Desktop\\dev\\0) projects for YouTube\\1) youtube\\for shorts\\FrontendAdvent\\tasks\\6) unit\\src\\shared\\lib\\getDays\\getDays.ts": {"path":"C:\\Users\\eagle\\Desktop\\dev\\0) projects for YouTube\\1) youtube\\for shorts\\FrontendAdvent\\tasks\\6) unit\\src\\shared\\lib\\getDays\\getDays.ts","all":false,"statementMap":{"0":{"start":{"line":1,"column":0},"end":{"line":1,"column":26}},"1":{"start":{"line":2,"column":0},"end":{"line":2,"column":0}},"2":{"start":{"line":3,"column":0},"end":{"line":3,"column":54}},"3":{"start":{"line":4,"column":0},"end":{"line":4,"column":52}},"4":{"start":{"line":5,"column":0},"end":{"line":5,"column":48}},"5":{"start":{"line":6,"column":0},"end":{"line":6,"column":44}},"6":{"start":{"line":7,"column":0},"end":{"line":7,"column":0}},"7":{"start":{"line":8,"column":0},"end":{"line":8,"column":37}},"8":{"start":{"line":9,"column":0},"end":{"line":9,"column":55}},"9":{"start":{"line":10,"column":0},"end":{"line":10,"column":20}},"10":{"start":{"line":11,"column":0},"end":{"line":11,"column":3}},"11":{"start":{"line":12,"column":0},"end":{"line":12,"column":42}},"12":{"start":{"line":13,"column":0},"end":{"line":13,"column":17}},"13":{"start":{"line":14,"column":0},"end":{"line":14,"column":3}},"14":{"start":{"line":15,"column":0},"end":{"line":15,"column":0}},"15":{"start":{"line":16,"column":0},"end":{"line":16,"column":13}},"16":{"start":{"line":17,"column":0},"end":{"line":17,"column":1}}},"s":{"0":1,"1":1,"2":1,"3":1,"4":1,"5":1,"6":1,"7":1,"8":1,"9":4,"10":4,"11":1,"12":30,"13":30,"14":1,"15":1,"16":1},"branchMap":{"0":{"type":"branch","line":3,"loc":{"start":{"line":3,"column":23},"end":{"line":17,"column":1}},"locations":[{"start":{"line":3,"column":23},"end":{"line":17,"column":1}}]},"1":{"type":"branch","line":9,"loc":{"start":{"line":9,"column":37},"end":{"line":9,"column":42}},"locations":[{"start":{"line":9,"column":37},"end":{"line":9,"column":42}}]},"2":{"type":"branch","line":9,"loc":{"start":{"line":9,"column":54},"end":{"line":11,"column":3}},"locations":[{"start":{"line":9,"column":54},"end":{"line":11,"column":3}}]},"3":{"type":"branch","line":12,"loc":{"start":{"line":12,"column":41},"end":{"line":14,"column":3}},"locations":[{"start":{"line":12,"column":41},"end":{"line":14,"column":3}}]}},"b":{"0":[1],"1":[0],"2":[4],"3":[30]},"fnMap":{"0":{"name":"getDays","decl":{"start":{"line":3,"column":23},"end":{"line":17,"column":1}},"loc":{"start":{"line":3,"column":23},"end":{"line":17,"column":1}},"line":3}},"f":{"0":1}}
,"C:\\Users\\eagle\\Desktop\\dev\\0) projects for YouTube\\1) youtube\\for shorts\\FrontendAdvent\\tasks\\6) unit\\src\\shared\\lib\\isDecember\\isDecember.ts": {"path":"C:\\Users\\eagle\\Desktop\\dev\\0) projects for YouTube\\1) youtube\\for shorts\\FrontendAdvent\\tasks\\6) unit\\src\\shared\\lib\\isDecember\\isDecember.ts","all":false,"statementMap":{"0":{"start":{"line":1,"column":0},"end":{"line":1,"column":26}},"1":{"start":{"line":2,"column":0},"end":{"line":2,"column":0}},"2":{"start":{"line":3,"column":0},"end":{"line":3,"column":33}},"3":{"start":{"line":4,"column":0},"end":{"line":4,"column":34}},"4":{"start":{"line":5,"column":0},"end":{"line":5,"column":32}},"5":{"start":{"line":6,"column":0},"end":{"line":6,"column":2}}},"s":{"0":1,"1":1,"2":1,"3":1,"4":1,"5":1},"branchMap":{"0":{"type":"branch","line":3,"loc":{"start":{"line":3,"column":26},"end":{"line":6,"column":2}},"locations":[{"start":{"line":3,"column":26},"end":{"line":6,"column":2}}]}},"b":{"0":[1]},"fnMap":{"0":{"name":"isDecember","decl":{"start":{"line":3,"column":26},"end":{"line":6,"column":2}},"loc":{"start":{"line":3,"column":26},"end":{"line":6,"column":2}},"line":3}},"f":{"0":1}}
,"C:\\Users\\eagle\\Desktop\\dev\\0) projects for YouTube\\1) youtube\\for shorts\\FrontendAdvent\\tasks\\6) unit\\src\\shared\\lib\\isEven\\isEven.ts": {"path":"C:\\Users\\eagle\\Desktop\\dev\\0) projects for YouTube\\1) youtube\\for shorts\\FrontendAdvent\\tasks\\6) unit\\src\\shared\\lib\\isEven\\isEven.ts","all":false,"statementMap":{"0":{"start":{"line":1,"column":0},"end":{"line":1,"column":44}},"1":{"start":{"line":2,"column":0},"end":{"line":2,"column":35}},"2":{"start":{"line":3,"column":0},"end":{"line":3,"column":50}},"3":{"start":{"line":4,"column":0},"end":{"line":4,"column":3}},"4":{"start":{"line":5,"column":0},"end":{"line":5,"column":26}},"5":{"start":{"line":6,"column":0},"end":{"line":6,"column":2}}},"s":{"0":1,"1":1,"2":0,"3":0,"4":1,"5":1},"branchMap":{"0":{"type":"branch","line":1,"loc":{"start":{"line":1,"column":22},"end":{"line":6,"column":2}},"locations":[{"start":{"line":1,"column":22},"end":{"line":6,"column":2}}]},"1":{"type":"branch","line":2,"loc":{"start":{"line":2,"column":34},"end":{"line":4,"column":3}},"locations":[{"start":{"line":2,"column":34},"end":{"line":4,"column":3}}]}},"b":{"0":[1],"1":[0]},"fnMap":{"0":{"name":"isEven","decl":{"start":{"line":1,"column":22},"end":{"line":6,"column":2}},"loc":{"start":{"line":1,"column":22},"end":{"line":6,"column":2}},"line":1}},"f":{"0":1}}
}
