TN:
SF:src\shared\lib\getDays\getDays.ts
FN:3,getDays
FNF:1
FNH:1
FNDA:1,getDays
DA:1,1
DA:2,1
DA:3,1
DA:4,1
DA:5,1
DA:6,1
DA:7,1
DA:8,1
DA:9,1
DA:10,4
DA:11,4
DA:12,1
DA:13,30
DA:14,30
DA:15,1
DA:16,1
DA:17,1
LF:17
LH:17
BRDA:3,0,0,1
BRDA:9,1,0,0
BRDA:9,2,0,4
BRDA:12,3,0,30
BRF:4
BRH:3
end_of_record
TN:
SF:src\shared\lib\isDecember\isDecember.ts
FN:3,isDecember
FNF:1
FNH:1
FNDA:1,isDecember
DA:1,1
DA:2,1
DA:3,1
DA:4,1
DA:5,1
DA:6,1
LF:6
LH:6
BRDA:3,0,0,1
BRF:1
BRH:1
end_of_record
TN:
SF:src\shared\lib\isEven\isEven.ts
FN:1,isEven
FNF:1
FNH:1
FNDA:1,isEven
DA:1,1
DA:2,1
DA:3,0
DA:4,0
DA:5,1
DA:6,1
LF:6
LH:4
BRDA:1,0,0,1
BRDA:2,1,0,0
BRF:2
BRH:1
end_of_record
